2016/11/19 23:51:59 directory overflow, deleting "2016-11-19_23h42m02.log":
2016/11/19 23:51:59 var1 var2 var3 var4 out1 out2
2016/11/19 23:51:59 6.66666E+02 6.69666E+02 0E+00 4.005E+03 6.66666E+02 6.69666E+02 
2016/11/19 23:51:59 directory overflow, deleting "2016-11-19_23h42m08.log":
2016/11/19 23:51:59 var1 var2 var3 var4 out1 out2
2016/11/19 23:51:59 6.66666E+02 6.69666E+02 0E+00 4.005E+03 6.66666E+02 6.69666E+02 
2016/11/19 23:51:59 directory overflow, deleting "2016-11-19_23h50m51.log":
2016/11/19 23:51:59 var1 var2 var3 var4 out1 out2
2016/11/19 23:51:59 6.66666E+02 6.69666E+02 0E+00 4.005E+03 6.66666E+02 6.69666E+02 
2016/11/19 23:51:59 directory overflow, deleting "2016-11-19_23h50m57.log":
2016/11/19 23:51:59 var1 var2 var3 var4 out1 out2
2016/11/19 23:51:59 6.66666E+02 6.69666E+02 0E+00 4.005E+03 6.66666E+02 6.69666E+02 
2016/11/19 23:51:59 directory overflow, deleting "2016-11-19_23h51m03.log":
2016/11/19 23:51:59 var1 var2 var3 var4 out1 out2
2016/11/19 23:51:59 6.66666E+02 6.69666E+02 0E+00 4.005E+03 6.66666E+02 6.69666E+02 
2016/11/19 23:51:59 constructed block: var1[ConstantInput 666.666]
2016/11/19 23:51:59 constructed block: var2[ConstantInput 669.666]
2016/11/19 23:51:59 constructed block: var3[ZeroInput]
2016/11/19 23:51:59 constructed block: var4[ScaledInput 2.0 1.0 ConstantInput 2002]
2016/11/19 23:51:59 constructed block: out1[FileOutput out1.dat]
2016/11/19 23:51:59 constructed block: out2[FileOutput out2.dat]
2016/11/19 23:51:59 constructed block: delay1[DelayLogic]
2016/11/19 23:51:59 constructed block: time[TimeStop 60s]
2016/11/19 23:51:59 constructed block: node1[Node]
2016/11/19 23:51:59 constructed block: line1[Line var2 out2]
2016/11/19 23:51:59 constructed block: line2[Line node1 out1]
2016/11/19 23:51:59 constructed block: line3[Line var1 node1]
2016/11/19 23:51:59 constructed block: line4[Line var3 delay1]
2016/11/19 23:52:05 directory overflow, deleting "2016-11-19_23h51m08.log":
2016/11/19 23:52:05 var1 var2 var3 var4 out1 out2
2016/11/19 23:52:05 6.66666E+02 6.69666E+02 0E+00 4.005E+03 6.66666E+02 6.69666E+02 
2016/11/19 23:52:11 directory overflow, deleting "2016-11-19_23h51m14.log":
2016/11/19 23:52:11 var1 var2 var3 var4 out1 out2
2016/11/19 23:52:11 6.66666E+02 6.69666E+02 0E+00 4.005E+03 6.66666E+02 6.69666E+02 
2016/11/19 23:52:16 directory overflow, deleting "2016-11-19_23h51m59.log":
2016/11/19 23:52:16 var1 var2 var3 var4 out1 out2
2016/11/19 23:52:16 6.66666E+02 6.69666E+02 0E+00 4.005E+03 6.66666E+02 6.69666E+02 
2016/11/19 23:52:16 directory overflow, deleting "2016-11-19_23h52m05.log":
2016/11/19 23:52:16 var1 var2 var3 var4 out1 out2
2016/11/19 23:52:16 6.66666E+02 6.69666E+02 0E+00 4.005E+03 6.66666E+02 6.69666E+02 
2016/11/19 23:52:22 directory overflow, deleting "2016-11-19_23h52m11.log":
2016/11/19 23:52:22 var1 var2 var3 var4 out1 out2
2016/11/19 23:52:22 6.66666E+02 6.69666E+02 0E+00 4.005E+03 6.66666E+02 6.69666E+02 
2016/11/19 23:52:27 directory overflow, deleting "2016-11-19_23h52m16.log":
2016/11/19 23:52:27 var1 var2 var3 var4 out1 out2
2016/11/19 23:52:27 6.66666E+02 6.69666E+02 0E+00 4.005E+03 6.66666E+02 6.69666E+02 
2016/11/19 23:52:33 directory overflow, deleting "2016-11-19_23h52m22.log":
2016/11/19 23:52:33 var1 var2 var3 var4 out1 out2
2016/11/19 23:52:33 6.66666E+02 6.69666E+02 0E+00 4.005E+03 6.66666E+02 6.69666E+02 
2016/11/19 23:52:38 directory overflow, deleting "2016-11-19_23h52m27.log":
2016/11/19 23:52:38 var1 var2 var3 var4 out1 out2
2016/11/19 23:52:38 6.66666E+02 6.69666E+02 0E+00 4.005E+03 6.66666E+02 6.69666E+02 
2016/11/19 23:52:44 directory overflow, deleting "2016-11-19_23h52m33.log":
2016/11/19 23:52:44 var1 var2 var3 var4 out1 out2
2016/11/19 23:52:44 6.66666E+02 6.69666E+02 0E+00 4.005E+03 6.66666E+02 6.69666E+02 
2016/11/19 23:52:49 directory overflow, deleting "2016-11-19_23h52m38.log":
2016/11/19 23:52:49 var1 var2 var3 var4 out1 out2
2016/11/19 23:52:49 6.66666E+02 6.69666E+02 0E+00 4.005E+03 6.66666E+02 6.69666E+02 
2016/11/19 23:52:55 directory overflow, deleting "2016-11-19_23h52m44.log":
2016/11/19 23:52:55 var1 var2 var3 var4 out1 out2
2016/11/19 23:52:55 6.66666E+02 6.69666E+02 0E+00 4.005E+03 6.66666E+02 6.69666E+02 
