2016/12/13 22:45:59 constructing graph...
2016/12/13 22:45:59 constructing blocks...
2016/12/13 22:45:59 reading TimeFileInput file in.dat
2016/12/13 22:45:59 sorting lines...
2016/12/13 22:45:59 Line_node1_delay1_, ignoring (numInputs not ok: 0 vs 2) (ignore this message during init phase)
2016/12/13 22:45:59 line3_, ignoring (numInputs not ok: 0 vs 2) (ignore this message during init phase)
2016/12/13 22:45:59 line4_, ignoring (numInputs not ok: 0 vs 2) (ignore this message during init phase)
2016/12/13 22:45:59 sorted lines as: 
2016/12/13 22:45:59 checking connectivity...
2016/12/13 22:45:59   initBlocks()...
2016/12/13 22:45:59      ClearAll()...
2016/12/13 22:45:59      ClearAll() OK
2016/12/13 22:45:59   initBlocks() OK
2016/12/13 22:45:59 connectivity ok
2016/12/13 22:45:59 initializing block...
2016/12/13 22:45:59      ClearAll()...
2016/12/13 22:45:59      ClearAll() OK
2016/12/13 22:45:59 blocks initialized
2016/12/13 22:45:59 final count...
2016/12/13 22:45:59 final count ok
2016/12/13 22:45:59 starting input loop...
2016/12/13 22:45:59 starting input loop ok
2016/12/13 22:45:59 entering control loop...
2016/12/13 22:45:59 logfile header different, making new logfile
